[2021/11/16-09:18:00] [main] [INFO ] [net.cz.blog.BlogApplication] : Starting BlogApplication using Java 1.8.0_312 on DESKTOP-JV6F361 with PID 10928 (D:\Code\WEBProject\BlogSystemBackground\target\classes started by user in D:\Code\WEBProject\BlogSystemBackground)
[2021/11/16-09:18:00] [main] [INFO ] [net.cz.blog.BlogApplication] : No active profile set, falling back to default profiles: default
[2021/11/16-09:19:19] [main] [INFO ] [net.cz.blog.BlogApplication] : Starting BlogApplication using Java 1.8.0_312 on DESKTOP-JV6F361 with PID 6224 (D:\Code\WEBProject\BlogSystemBackground\target\classes started by user in D:\Code\WEBProject\BlogSystemBackground)
[2021/11/16-09:19:19] [main] [INFO ] [net.cz.blog.BlogApplication] : No active profile set, falling back to default profiles: default
[2021/11/16-09:19:23] [main] [INFO ] [net.cz.blog.BlogApplication] : Started BlogApplication in 5.34 seconds (JVM running for 6.078)
[2021/11/16-09:24:01] [http-nio-2021-exec-1] [INFO ] [net.cz.blog.services.Impl.UserServiceImpl] : sendVerifyCode==>vxd8v
[2021/11/16-09:25:03] [http-nio-2021-exec-3] [INFO ] [net.cz.blog.services.Impl.UserServiceImpl] : tokenKey==>4f8a5d5cce1f6b7b09bed524c554f278
[2021/11/16-09:41:31] [main] [INFO ] [net.cz.blog.BlogApplication] : Starting BlogApplication using Java 1.8.0_312 on DESKTOP-JV6F361 with PID 2104 (D:\Code\WEBProject\BlogSystemBackground\target\classes started by user in D:\Code\WEBProject\BlogSystemBackground)
[2021/11/16-09:41:31] [main] [INFO ] [net.cz.blog.BlogApplication] : No active profile set, falling back to default profiles: default
[2021/11/16-09:41:36] [main] [INFO ] [net.cz.blog.BlogApplication] : Started BlogApplication in 5.615 seconds (JVM running for 6.838)
[2021/11/16-09:46:16] [main] [INFO ] [net.cz.blog.BlogApplication] : Starting BlogApplication using Java 1.8.0_312 on DESKTOP-JV6F361 with PID 3688 (D:\Code\WEBProject\BlogSystemBackground\target\classes started by user in D:\Code\WEBProject\BlogSystemBackground)
[2021/11/16-09:46:16] [main] [INFO ] [net.cz.blog.BlogApplication] : No active profile set, falling back to default profiles: default
[2021/11/16-09:46:21] [main] [INFO ] [net.cz.blog.BlogApplication] : Started BlogApplication in 5.715 seconds (JVM running for 6.504)
[2021/11/16-09:47:15] [http-nio-2021-exec-1] [INFO ] [net.cz.blog.controller.admin.FriendLinkAdminApi] : name==>baidu
[2021/11/16-09:47:15] [http-nio-2021-exec-1] [INFO ] [net.cz.blog.controller.admin.FriendLinkAdminApi] : logo==>test
[2021/11/16-09:47:15] [http-nio-2021-exec-1] [INFO ] [net.cz.blog.controller.admin.FriendLinkAdminApi] : url ==> www.baidu.com
[2021/11/16-09:49:15] [main] [INFO ] [net.cz.blog.BlogApplication] : Starting BlogApplication using Java 1.8.0_312 on DESKTOP-JV6F361 with PID 5604 (D:\Code\WEBProject\BlogSystemBackground\target\classes started by user in D:\Code\WEBProject\BlogSystemBackground)
[2021/11/16-09:49:15] [main] [INFO ] [net.cz.blog.BlogApplication] : No active profile set, falling back to default profiles: default
[2021/11/16-09:49:20] [main] [INFO ] [net.cz.blog.BlogApplication] : Started BlogApplication in 5.786 seconds (JVM running for 6.557)
[2021/11/16-09:49:20] [http-nio-2021-exec-1] [INFO ] [net.cz.blog.controller.admin.FriendLinkAdminApi] : name==>baidu
[2021/11/16-09:49:20] [http-nio-2021-exec-1] [INFO ] [net.cz.blog.controller.admin.FriendLinkAdminApi] : logo==>test
[2021/11/16-09:49:20] [http-nio-2021-exec-1] [INFO ] [net.cz.blog.controller.admin.FriendLinkAdminApi] : url ==>www.baidu.com
[2021/11/16-09:53:24] [main] [INFO ] [net.cz.blog.BlogApplication] : Starting BlogApplication using Java 1.8.0_312 on DESKTOP-JV6F361 with PID 7132 (D:\Code\WEBProject\BlogSystemBackground\target\classes started by user in D:\Code\WEBProject\BlogSystemBackground)
[2021/11/16-09:53:24] [main] [INFO ] [net.cz.blog.BlogApplication] : No active profile set, falling back to default profiles: default
[2021/11/16-09:53:29] [main] [INFO ] [net.cz.blog.BlogApplication] : Started BlogApplication in 5.835 seconds (JVM running for 6.632)
[2021/11/16-09:57:53] [main] [INFO ] [net.cz.blog.BlogApplication] : Starting BlogApplication using Java 1.8.0_312 on DESKTOP-JV6F361 with PID 10120 (D:\Code\WEBProject\BlogSystemBackground\target\classes started by user in D:\Code\WEBProject\BlogSystemBackground)
[2021/11/16-09:57:53] [main] [INFO ] [net.cz.blog.BlogApplication] : No active profile set, falling back to default profiles: default
[2021/11/16-09:57:59] [main] [INFO ] [net.cz.blog.BlogApplication] : Started BlogApplication in 6.18 seconds (JVM running for 7.201)
[2021/11/16-09:58:03] [http-nio-2021-exec-1] [INFO ] [net.cz.blog.controller.admin.FriendLinkAdminApi] : name==>baidu
[2021/11/16-09:58:03] [http-nio-2021-exec-1] [INFO ] [net.cz.blog.controller.admin.FriendLinkAdminApi] : logo==>test
[2021/11/16-09:58:03] [http-nio-2021-exec-1] [INFO ] [net.cz.blog.controller.admin.FriendLinkAdminApi] : url ==>www.baidu.com
[2021/11/16-10:01:30] [main] [INFO ] [net.cz.blog.BlogApplication] : Starting BlogApplication using Java 1.8.0_312 on DESKTOP-JV6F361 with PID 9548 (D:\Code\WEBProject\BlogSystemBackground\target\classes started by user in D:\Code\WEBProject\BlogSystemBackground)
[2021/11/16-10:01:30] [main] [INFO ] [net.cz.blog.BlogApplication] : No active profile set, falling back to default profiles: default
[2021/11/16-10:01:35] [main] [INFO ] [net.cz.blog.BlogApplication] : Started BlogApplication in 5.605 seconds (JVM running for 6.452)
[2021/11/16-10:01:38] [http-nio-2021-exec-1] [INFO ] [net.cz.blog.controller.admin.FriendLinkAdminApi] : name==>baidu
[2021/11/16-10:01:38] [http-nio-2021-exec-1] [INFO ] [net.cz.blog.controller.admin.FriendLinkAdminApi] : logo==>test
[2021/11/16-10:01:38] [http-nio-2021-exec-1] [INFO ] [net.cz.blog.controller.admin.FriendLinkAdminApi] : url ==>www.baidu.com
[2021/11/16-10:29:24] [main] [INFO ] [net.cz.blog.BlogApplication] : Starting BlogApplication using Java 1.8.0_312 on DESKTOP-JV6F361 with PID 8524 (D:\Code\WEBProject\BlogSystemBackground\target\classes started by user in D:\Code\WEBProject\BlogSystemBackground)
[2021/11/16-10:29:24] [main] [INFO ] [net.cz.blog.BlogApplication] : No active profile set, falling back to default profiles: default
[2021/11/16-10:29:29] [main] [INFO ] [net.cz.blog.BlogApplication] : Started BlogApplication in 5.593 seconds (JVM running for 6.389)
[2021/11/16-10:33:24] [http-nio-2021-exec-2] [INFO ] [net.cz.blog.services.Impl.ImageServiceImpl] : name--->file
[2021/11/16-10:33:24] [http-nio-2021-exec-2] [INFO ] [net.cz.blog.services.Impl.ImageServiceImpl] : originalFilename--->test.png
[2021/11/16-10:35:04] [main] [INFO ] [net.cz.blog.BlogApplication] : Starting BlogApplication using Java 1.8.0_312 on DESKTOP-JV6F361 with PID 9008 (D:\Code\WEBProject\BlogSystemBackground\target\classes started by user in D:\Code\WEBProject\BlogSystemBackground)
[2021/11/16-10:35:04] [main] [INFO ] [net.cz.blog.BlogApplication] : No active profile set, falling back to default profiles: default
[2021/11/16-10:35:09] [main] [INFO ] [net.cz.blog.BlogApplication] : Started BlogApplication in 5.733 seconds (JVM running for 6.893)
[2021/11/16-10:35:31] [http-nio-2021-exec-1] [INFO ] [net.cz.blog.services.Impl.ImageServiceImpl] : name--->file
[2021/11/16-10:35:31] [http-nio-2021-exec-1] [INFO ] [net.cz.blog.services.Impl.ImageServiceImpl] : originalFilename--->test.jpg
[2021/11/16-10:51:58] [main] [INFO ] [net.cz.blog.BlogApplication] : Starting BlogApplication using Java 1.8.0_312 on DESKTOP-JV6F361 with PID 7392 (D:\Code\WEBProject\BlogSystemBackground\target\classes started by user in D:\Code\WEBProject\BlogSystemBackground)
[2021/11/16-10:51:58] [main] [INFO ] [net.cz.blog.BlogApplication] : No active profile set, falling back to default profiles: default
[2021/11/16-10:52:05] [main] [INFO ] [net.cz.blog.BlogApplication] : Started BlogApplication in 7.315 seconds (JVM running for 8.139)
[2021/11/16-10:53:14] [main] [INFO ] [net.cz.blog.BlogApplication] : Starting BlogApplication using Java 1.8.0_312 on DESKTOP-JV6F361 with PID 10008 (D:\Code\WEBProject\BlogSystemBackground\target\classes started by user in D:\Code\WEBProject\BlogSystemBackground)
[2021/11/16-10:53:14] [main] [INFO ] [net.cz.blog.BlogApplication] : No active profile set, falling back to default profiles: default
[2021/11/16-10:53:19] [main] [INFO ] [net.cz.blog.BlogApplication] : Started BlogApplication in 5.599 seconds (JVM running for 6.423)
[2021/11/16-11:14:01] [main] [INFO ] [net.cz.blog.BlogApplication] : Starting BlogApplication using Java 1.8.0_312 on DESKTOP-JV6F361 with PID 9012 (D:\Code\WEBProject\BlogSystemBackground\target\classes started by user in D:\Code\WEBProject\BlogSystemBackground)
[2021/11/16-11:14:01] [main] [INFO ] [net.cz.blog.BlogApplication] : No active profile set, falling back to default profiles: default
[2021/11/16-11:14:07] [main] [INFO ] [net.cz.blog.BlogApplication] : Started BlogApplication in 5.708 seconds (JVM running for 6.515)
[2021/11/16-11:15:39] [main] [INFO ] [net.cz.blog.BlogApplication] : Starting BlogApplication using Java 1.8.0_312 on DESKTOP-JV6F361 with PID 10232 (D:\Code\WEBProject\BlogSystemBackground\target\classes started by user in D:\Code\WEBProject\BlogSystemBackground)
[2021/11/16-11:15:39] [main] [INFO ] [net.cz.blog.BlogApplication] : The following profiles are active: dev
[2021/11/16-11:15:44] [main] [INFO ] [net.cz.blog.BlogApplication] : Started BlogApplication in 5.401 seconds (JVM running for 6.162)
[2021/11/16-11:16:11] [main] [INFO ] [net.cz.blog.BlogApplication] : Starting BlogApplication using Java 1.8.0_312 on DESKTOP-JV6F361 with PID 7116 (D:\Code\WEBProject\BlogSystemBackground\target\classes started by user in D:\Code\WEBProject\BlogSystemBackground)
[2021/11/16-11:16:11] [main] [INFO ] [net.cz.blog.BlogApplication] : The following profiles are active: prob
[2021/11/16-11:16:45] [main] [INFO ] [net.cz.blog.BlogApplication] : Starting BlogApplication using Java 1.8.0_312 on DESKTOP-JV6F361 with PID 11904 (D:\Code\WEBProject\BlogSystemBackground\target\classes started by user in D:\Code\WEBProject\BlogSystemBackground)
[2021/11/16-11:16:45] [main] [INFO ] [net.cz.blog.BlogApplication] : The following profiles are active: dev
[2021/11/16-11:16:50] [main] [INFO ] [net.cz.blog.BlogApplication] : Started BlogApplication in 5.557 seconds (JVM running for 6.34)
[2021/11/16-11:17:08] [main] [INFO ] [net.cz.blog.BlogApplication] : Starting BlogApplication using Java 1.8.0_312 on DESKTOP-JV6F361 with PID 9080 (D:\Code\WEBProject\BlogSystemBackground\target\classes started by user in D:\Code\WEBProject\BlogSystemBackground)
[2021/11/16-11:17:08] [main] [INFO ] [net.cz.blog.BlogApplication] : The following profiles are active: prod
[2021/11/16-11:17:13] [main] [INFO ] [net.cz.blog.BlogApplication] : Started BlogApplication in 5.518 seconds (JVM running for 6.283)
